  aimbot.cpp
C:\Users\spracto\source\repos\ghd3d9esp3DBoxes - Copy\ghd3d9esp\hack.h(122,12): warning C4099: 'Ent': type name first seen using 'class' now seen using 'struct'
C:\Users\spracto\source\repos\ghd3d9esp3DBoxes - Copy\ghd3d9esp\hack.h(59): message : see declaration of 'Ent'
C:\Users\spracto\source\repos\ghd3d9esp3DBoxes - Copy\ghd3d9esp\aimbot.cpp(53,14): warning C4244: 'initializing': conversion from 'double' to 'float', possible loss of data
C:\Users\spracto\source\repos\ghd3d9esp3DBoxes - Copy\ghd3d9esp\aimbot.cpp(54,12): warning C4244: 'initializing': conversion from 'double' to 'float', possible loss of data
  dllmain.cpp
C:\Users\spracto\source\repos\ghd3d9esp3DBoxes - Copy\ghd3d9esp\hack.h(122,12): warning C4099: 'Ent': type name first seen using 'class' now seen using 'struct'
C:\Users\spracto\source\repos\ghd3d9esp3DBoxes - Copy\ghd3d9esp\hack.h(59): message : see declaration of 'Ent'
C:\Users\spracto\source\repos\ghd3d9esp3DBoxes - Copy\ghd3d9esp\dllmain.cpp(20,76): warning C4244: 'argument': conversion from 'int' to 'float', possible loss of data
C:\Users\spracto\source\repos\ghd3d9esp3DBoxes - Copy\ghd3d9esp\dllmain.cpp(20,58): warning C4244: 'argument': conversion from 'int' to 'float', possible loss of data
C:\Users\spracto\source\repos\ghd3d9esp3DBoxes - Copy\ghd3d9esp\dllmain.cpp(29,40): warning C4244: 'argument': conversion from 'int' to 'float', possible loss of data
C:\Users\spracto\source\repos\ghd3d9esp3DBoxes - Copy\ghd3d9esp\dllmain.cpp(29,30): warning C4244: 'argument': conversion from 'int' to 'float', possible loss of data
C:\Users\spracto\source\repos\ghd3d9esp3DBoxes - Copy\ghd3d9esp\dllmain.cpp(32,53): warning C4244: 'argument': conversion from 'int' to 'float', possible loss of data
C:\Users\spracto\source\repos\ghd3d9esp3DBoxes - Copy\ghd3d9esp\dllmain.cpp(32,34): warning C4244: 'argument': conversion from 'int' to 'float', possible loss of data
C:\Users\spracto\source\repos\ghd3d9esp3DBoxes - Copy\ghd3d9esp\dllmain.cpp(33,49): warning C4244: 'argument': conversion from 'int' to 'float', possible loss of data
C:\Users\spracto\source\repos\ghd3d9esp3DBoxes - Copy\ghd3d9esp\dllmain.cpp(33,30): warning C4244: 'argument': conversion from 'int' to 'float', possible loss of data
C:\Users\spracto\source\repos\ghd3d9esp3DBoxes - Copy\ghd3d9esp\dllmain.cpp(34,46): warning C4244: 'argument': conversion from 'int' to 'float', possible loss of data
C:\Users\spracto\source\repos\ghd3d9esp3DBoxes - Copy\ghd3d9esp\dllmain.cpp(34,27): warning C4244: 'argument': conversion from 'int' to 'float', possible loss of data
C:\Users\spracto\source\repos\ghd3d9esp3DBoxes - Copy\ghd3d9esp\dllmain.cpp(35,51): warning C4244: 'argument': conversion from 'int' to 'float', possible loss of data
C:\Users\spracto\source\repos\ghd3d9esp3DBoxes - Copy\ghd3d9esp\dllmain.cpp(35,32): warning C4244: 'argument': conversion from 'int' to 'float', possible loss of data
C:\Users\spracto\source\repos\ghd3d9esp3DBoxes - Copy\ghd3d9esp\dllmain.cpp(37,45): warning C4244: 'argument': conversion from 'int' to 'float', possible loss of data
C:\Users\spracto\source\repos\ghd3d9esp3DBoxes - Copy\ghd3d9esp\dllmain.cpp(37,26): warning C4244: 'argument': conversion from 'int' to 'float', possible loss of data
C:\Users\spracto\source\repos\ghd3d9esp3DBoxes - Copy\ghd3d9esp\dllmain.cpp(38,46): warning C4244: 'argument': conversion from 'int' to 'float', possible loss of data
C:\Users\spracto\source\repos\ghd3d9esp3DBoxes - Copy\ghd3d9esp\dllmain.cpp(38,27): warning C4244: 'argument': conversion from 'int' to 'float', possible loss of data
C:\Users\spracto\source\repos\ghd3d9esp3DBoxes - Copy\ghd3d9esp\dllmain.cpp(39,52): warning C4244: 'argument': conversion from 'int' to 'float', possible loss of data
C:\Users\spracto\source\repos\ghd3d9esp3DBoxes - Copy\ghd3d9esp\dllmain.cpp(39,33): warning C4244: 'argument': conversion from 'int' to 'float', possible loss of data
C:\Users\spracto\source\repos\ghd3d9esp3DBoxes - Copy\ghd3d9esp\dllmain.cpp(40,52): warning C4244: 'argument': conversion from 'int' to 'float', possible loss of data
C:\Users\spracto\source\repos\ghd3d9esp3DBoxes - Copy\ghd3d9esp\dllmain.cpp(40,33): warning C4244: 'argument': conversion from 'int' to 'float', possible loss of data
C:\Users\spracto\source\repos\ghd3d9esp3DBoxes - Copy\ghd3d9esp\dllmain.cpp(41,56): warning C4244: 'argument': conversion from 'int' to 'float', possible loss of data
C:\Users\spracto\source\repos\ghd3d9esp3DBoxes - Copy\ghd3d9esp\dllmain.cpp(41,37): warning C4244: 'argument': conversion from 'int' to 'float', possible loss of data
C:\Users\spracto\source\repos\ghd3d9esp3DBoxes - Copy\ghd3d9esp\dllmain.cpp(42,49): warning C4244: 'argument': conversion from 'int' to 'float', possible loss of data
C:\Users\spracto\source\repos\ghd3d9esp3DBoxes - Copy\ghd3d9esp\dllmain.cpp(42,30): warning C4244: 'argument': conversion from 'int' to 'float', possible loss of data
C:\Users\spracto\source\repos\ghd3d9esp3DBoxes - Copy\ghd3d9esp\dllmain.cpp(102,48): warning C4244: 'argument': conversion from 'float' to 'int', possible loss of data
C:\Users\spracto\source\repos\ghd3d9esp3DBoxes - Copy\ghd3d9esp\dllmain.cpp(102,32): warning C4244: 'argument': conversion from 'float' to 'int', possible loss of data
C:\Users\spracto\source\repos\ghd3d9esp3DBoxes - Copy\ghd3d9esp\dllmain.cpp(108,34): warning C4244: 'argument': conversion from 'float' to 'int', possible loss of data
C:\Users\spracto\source\repos\ghd3d9esp3DBoxes - Copy\ghd3d9esp\dllmain.cpp(108,22): warning C4244: 'argument': conversion from 'float' to 'int', possible loss of data
  drawing.cpp
C:\Users\spracto\source\repos\ghd3d9esp3DBoxes - Copy\ghd3d9esp\hack.h(122,12): warning C4099: 'Ent': type name first seen using 'class' now seen using 'struct'
C:\Users\spracto\source\repos\ghd3d9esp3DBoxes - Copy\ghd3d9esp\hack.h(59): message : see declaration of 'Ent'
C:\Users\spracto\source\repos\ghd3d9esp3DBoxes - Copy\ghd3d9esp\drawing.cpp(20,28): warning C4244: 'argument': conversion from 'int' to 'FLOAT', possible loss of data
C:\Users\spracto\source\repos\ghd3d9esp3DBoxes - Copy\ghd3d9esp\drawing.cpp(20,24): warning C4244: 'argument': conversion from 'int' to 'FLOAT', possible loss of data
C:\Users\spracto\source\repos\ghd3d9esp3DBoxes - Copy\ghd3d9esp\drawing.cpp(21,28): warning C4244: 'argument': conversion from 'int' to 'FLOAT', possible loss of data
C:\Users\spracto\source\repos\ghd3d9esp3DBoxes - Copy\ghd3d9esp\drawing.cpp(21,24): warning C4244: 'argument': conversion from 'int' to 'FLOAT', possible loss of data
C:\Users\spracto\source\repos\ghd3d9esp3DBoxes - Copy\ghd3d9esp\drawing.cpp(22,24): warning C4244: 'argument': conversion from 'int' to 'FLOAT', possible loss of data
C:\Users\spracto\source\repos\ghd3d9esp3DBoxes - Copy\ghd3d9esp\drawing.cpp(28,35): warning C4244: 'argument': conversion from 'float' to 'int', possible loss of data
C:\Users\spracto\source\repos\ghd3d9esp3DBoxes - Copy\ghd3d9esp\drawing.cpp(28,28): warning C4244: 'argument': conversion from 'float' to 'int', possible loss of data
C:\Users\spracto\source\repos\ghd3d9esp3DBoxes - Copy\ghd3d9esp\drawing.cpp(28,21): warning C4244: 'argument': conversion from 'float' to 'int', possible loss of data
C:\Users\spracto\source\repos\ghd3d9esp3DBoxes - Copy\ghd3d9esp\drawing.cpp(28,14): warning C4244: 'argument': conversion from 'float' to 'int', possible loss of data
C:\Users\spracto\source\repos\ghd3d9esp3DBoxes - Copy\ghd3d9esp\drawing.cpp(33,13): warning C4244: 'initializing': conversion from 'float' to 'int', possible loss of data
C:\Users\spracto\source\repos\ghd3d9esp3DBoxes - Copy\ghd3d9esp\drawing.cpp(51,15): warning C4244: 'initializing': conversion from 'float' to 'int', possible loss of data
C:\Users\spracto\source\repos\ghd3d9esp3DBoxes - Copy\ghd3d9esp\drawing.cpp(56,15): warning C4244: '=': conversion from 'double' to 'float', possible loss of data
C:\Users\spracto\source\repos\ghd3d9esp3DBoxes - Copy\ghd3d9esp\drawing.cpp(57,15): warning C4244: '=': conversion from 'double' to 'float', possible loss of data
C:\Users\spracto\source\repos\ghd3d9esp3DBoxes - Copy\ghd3d9esp\drawing.cpp(59,15): warning C4244: '=': conversion from 'double' to 'float', possible loss of data
C:\Users\spracto\source\repos\ghd3d9esp3DBoxes - Copy\ghd3d9esp\drawing.cpp(60,15): warning C4244: '=': conversion from 'double' to 'float', possible loss of data
C:\Users\spracto\source\repos\ghd3d9esp3DBoxes - Copy\ghd3d9esp\drawing.cpp(62,15): warning C4244: '=': conversion from 'double' to 'float', possible loss of data
C:\Users\spracto\source\repos\ghd3d9esp3DBoxes - Copy\ghd3d9esp\drawing.cpp(63,15): warning C4244: '=': conversion from 'double' to 'float', possible loss of data
C:\Users\spracto\source\repos\ghd3d9esp3DBoxes - Copy\ghd3d9esp\drawing.cpp(65,15): warning C4244: '=': conversion from 'double' to 'float', possible loss of data
C:\Users\spracto\source\repos\ghd3d9esp3DBoxes - Copy\ghd3d9esp\drawing.cpp(66,15): warning C4244: '=': conversion from 'double' to 'float', possible loss of data
C:\Users\spracto\source\repos\ghd3d9esp3DBoxes - Copy\ghd3d9esp\drawing.cpp(115,40): warning C4244: 'argument': conversion from 'float' to 'int', possible loss of data
C:\Users\spracto\source\repos\ghd3d9esp3DBoxes - Copy\ghd3d9esp\drawing.cpp(115,33): warning C4244: 'argument': conversion from 'float' to 'int', possible loss of data
C:\Users\spracto\source\repos\ghd3d9esp3DBoxes - Copy\ghd3d9esp\drawing.cpp(115,26): warning C4244: 'argument': conversion from 'float' to 'int', possible loss of data
C:\Users\spracto\source\repos\ghd3d9esp3DBoxes - Copy\ghd3d9esp\drawing.cpp(115,19): warning C4244: 'argument': conversion from 'float' to 'int', possible loss of data
C:\Users\spracto\source\repos\ghd3d9esp3DBoxes - Copy\ghd3d9esp\drawing.cpp(118,26): warning C4244: 'argument': conversion from 'float' to 'int', possible loss of data
C:\Users\spracto\source\repos\ghd3d9esp3DBoxes - Copy\ghd3d9esp\drawing.cpp(118,23): warning C4244: 'argument': conversion from 'float' to 'int', possible loss of data
C:\Users\spracto\source\repos\ghd3d9esp3DBoxes - Copy\ghd3d9esp\drawing.cpp(118,20): warning C4244: 'argument': conversion from 'float' to 'int', possible loss of data
C:\Users\spracto\source\repos\ghd3d9esp3DBoxes - Copy\ghd3d9esp\drawing.cpp(118,17): warning C4244: 'argument': conversion from 'float' to 'int', possible loss of data
  dx.cpp
C:\Users\spracto\source\repos\ghd3d9esp3DBoxes - Copy\ghd3d9esp\hack.h(122,12): warning C4099: 'Ent': type name first seen using 'class' now seen using 'struct'
C:\Users\spracto\source\repos\ghd3d9esp3DBoxes - Copy\ghd3d9esp\hack.h(59): message : see declaration of 'Ent'
  hack.cpp
C:\Users\spracto\source\repos\ghd3d9esp3DBoxes - Copy\ghd3d9esp\hack.h(122,12): warning C4099: 'Ent': type name first seen using 'class' now seen using 'struct'
C:\Users\spracto\source\repos\ghd3d9esp3DBoxes - Copy\ghd3d9esp\hack.h(59): message : see declaration of 'Ent'
C:\Users\spracto\source\repos\ghd3d9esp3DBoxes - Copy\ghd3d9esp\hack.cpp(151,27): warning C4244: 'argument': conversion from 'double' to 'float', possible loss of data
C:\Users\spracto\source\repos\ghd3d9esp3DBoxes - Copy\ghd3d9esp\hack.cpp(152,27): warning C4244: 'argument': conversion from 'double' to 'float', possible loss of data
C:\Users\spracto\source\repos\ghd3d9esp3DBoxes - Copy\ghd3d9esp\hack.cpp(153,27): warning C4244: 'argument': conversion from 'double' to 'float', possible loss of data
  hook.cpp
C:\Users\spracto\source\repos\ghd3d9esp3DBoxes - Copy\ghd3d9esp\hack.h(122,12): warning C4099: 'Ent': type name first seen using 'class' now seen using 'struct'
C:\Users\spracto\source\repos\ghd3d9esp3DBoxes - Copy\ghd3d9esp\hack.h(59): message : see declaration of 'Ent'
  Generating Code...
C:\Users\spracto\source\repos\ghd3d9esp3DBoxes - Copy\ghd3d9esp\hook.cpp(21): warning C4715: 'Hook': not all control paths return a value
  ghd3d9esp.vcxproj -> C:\Users\spracto\source\repos\ghd3d9esp3DBoxes - Copy\Debug\ghd3d9esp.dll
